<?xml version="1.0" encoding="UTF-8"?>
<!-- Generated by org.testng.reporters.JUnitReportReporter -->
<testsuite hostname="Ahmet571" failures="0" tests="2" name="test.ExtendReportsDemoWithTestNG" time="1.849" errors="0" timestamp="2019-10-09T13:09:48 CEST" skipped="0">
  <testcase classname="test.ExtendReportsDemoWithTestNG" name="test1" time="1.842"/>
  <testcase classname="test.ExtendReportsDemoWithTestNG" name="test2" time="0.007"/>
</testsuite> <!-- test.ExtendReportsDemoWithTestNG -->
