<?xml version="1.0" encoding="UTF-8"?>
<!-- Generated by org.testng.reporters.JUnitReportReporter -->
<testsuite hostname="Ahmet571" failures="0" tests="1" name="demo.TestNGGroupDemo" time="0.030" errors="0" timestamp="2019-10-28T14:50:23 CET" skipped="0">
  <testcase classname="demo.TestNGGroupDemo" name="test1" time="0.030"/>
</testsuite> <!-- demo.TestNGGroupDemo -->
