<?xml version="1.0" encoding="UTF-8"?>
<!-- Generated by org.testng.reporters.JUnitReportReporter -->
<testsuite hostname="Ahmet571" failures="0" tests="6" name="demo.TestNGMultiBrowserDemo" time="36.377" errors="0" timestamp="2019-10-28T13:52:49 CET" skipped="0">
  <testcase classname="demo.TestNGMultiBrowserDemo" name="TestOnFireFox" time="4.581"/>
  <testcase classname="demo.TestNGMultiBrowserDemo" name="TestOnIE" time="4.442"/>
  <testcase classname="demo.TestNGMultiBrowserDemo" name="TestOnChrome" time="6.425"/>
  <testcase classname="demo.TestNGMultiBrowserDemo" name="TestOnFireFox" time="6.290"/>
  <testcase classname="demo.TestNGMultiBrowserDemo" name="TestOnChrome" time="9.644"/>
  <testcase classname="demo.TestNGMultiBrowserDemo" name="TestOnIE" time="4.995"/>
</testsuite> <!-- demo.TestNGMultiBrowserDemo -->
