<?xml version="1.0" encoding="UTF-8"?>
<!-- Generated by org.testng.reporters.JUnitReportReporter -->
<testsuite hostname="Ahmet571" failures="0" tests="5" name="demo.TestNGParalelTesting2" time="0.217" errors="0" timestamp="2019-10-28T10:34:14 CET" skipped="0">
  <testcase classname="demo.TestNGParalelTesting2" name="test1" time="0.061"/>
  <testcase classname="demo.TestNGParalelTesting2" name="test3" time="0.010"/>
  <testcase classname="demo.TestNGParalelTesting2" name="test1" time="0.068"/>
  <testcase classname="demo.TestNGParalelTesting2" name="test2" time="0.004"/>
  <testcase classname="demo.TestNGParalelTesting2" name="test1" time="0.074"/>
</testsuite> <!-- demo.TestNGParalelTesting2 -->
