<?xml version="1.0" encoding="UTF-8"?>
<!-- Generated by org.testng.reporters.JUnitReportReporter -->
<testsuite hostname="Ahmet571" failures="0" tests="1" name="test.TestNG_Demo2" time="1.407" errors="0" timestamp="2019-10-11T09:59:23 CEST" skipped="0">
  <testcase classname="test.TestNG_Demo2" name="googleSearch2" time="1.407"/>
</testsuite> <!-- test.TestNG_Demo2 -->
