<?xml version="1.0" encoding="UTF-8"?>
<!-- Generated by org.testng.reporters.JUnitReportReporter -->
<testsuite hostname="Ahmet571" failures="0" tests="1" name="test.TestNG_Demo" time="1.876" errors="0" timestamp="2019-10-11T09:59:23 CEST" skipped="0">
  <testcase classname="test.TestNG_Demo" name="googleSearch" time="1.876"/>
</testsuite> <!-- test.TestNG_Demo -->
